{"level":"info","message":"Listening on port 3900...","timestamp":"2018-07-25T19:02:18.260Z"}
{"level":"info","message":"Connected to mongodb://localhost/vidly...","timestamp":"2018-07-25T19:02:18.281Z"}
{"level":"info","message":"Listening on port 3900...","timestamp":"2018-07-25T19:09:55.035Z"}
{"level":"info","message":"Connected to mongodb://localhost/vidly...","timestamp":"2018-07-25T19:09:55.055Z"}
{"message":"Cannot read property 'isAdmin' of undefined","stack":"TypeError: Cannot read property 'isAdmin' of undefined\n    at module.exports (/Users/moshfeghhamedani/Dropbox/Courses/React/Demo/vidly-api-node/middleware/admin.js:8:17)\n    at /Users/moshfeghhamedani/Dropbox/Courses/React/Demo/vidly-api-node/node_modules/express-async-errors/index.js:17:17\n    at Layer.handle [as handle_request] (/Users/moshfeghhamedani/Dropbox/Courses/React/Demo/vidly-api-node/node_modules/express/lib/router/layer.js:95:5)\n    at next (/Users/moshfeghhamedani/Dropbox/Courses/React/Demo/vidly-api-node/node_modules/express/lib/router/route.js:137:13)\n    at module.exports (/Users/moshfeghhamedani/Dropbox/Courses/React/Demo/vidly-api-node/middleware/auth.js:5:36)\n    at /Users/moshfeghhamedani/Dropbox/Courses/React/Demo/vidly-api-node/node_modules/express-async-errors/index.js:17:17\n    at Layer.handle [as handle_request] (/Users/moshfeghhamedani/Dropbox/Courses/React/Demo/vidly-api-node/node_modules/express/lib/router/layer.js:95:5)\n    at next (/Users/moshfeghhamedani/Dropbox/Courses/React/Demo/vidly-api-node/node_modules/express/lib/router/route.js:137:13)\n    at Route.dispatch (/Users/moshfeghhamedani/Dropbox/Courses/React/Demo/vidly-api-node/node_modules/express/lib/router/route.js:112:3)\n    at /Users/moshfeghhamedani/Dropbox/Courses/React/Demo/vidly-api-node/node_modules/express-async-errors/index.js:17:17\n    at Layer.handle [as handle_request] (/Users/moshfeghhamedani/Dropbox/Courses/React/Demo/vidly-api-node/node_modules/express/lib/router/layer.js:95:5)\n    at /Users/moshfeghhamedani/Dropbox/Courses/React/Demo/vidly-api-node/node_modules/express/lib/router/index.js:281:22\n    at Function.process_params (/Users/moshfeghhamedani/Dropbox/Courses/React/Demo/vidly-api-node/node_modules/express/lib/router/index.js:335:12)\n    at next (/Users/moshfeghhamedani/Dropbox/Courses/React/Demo/vidly-api-node/node_modules/express/lib/router/index.js:275:10)\n    at Function.handle (/Users/moshfeghhamedani/Dropbox/Courses/React/Demo/vidly-api-node/node_modules/express/lib/router/index.js:174:3)\n    at router (/Users/moshfeghhamedani/Dropbox/Courses/React/Demo/vidly-api-node/node_modules/express/lib/router/index.js:47:12)","level":"error","timestamp":"2018-07-25T19:11:08.638Z"}
{"level":"info","message":"Listening on port 3900...","timestamp":"2018-07-25T19:11:36.087Z"}
{"level":"info","message":"Connected to mongodb://localhost/vidly...","timestamp":"2018-07-25T19:11:36.108Z"}
{"level":"info","message":"Listening on port 3900...","timestamp":"2018-07-25T19:11:40.247Z"}
{"level":"info","message":"Connected to mongodb://localhost/vidly...","timestamp":"2018-07-25T19:11:40.267Z"}
{"level":"info","message":"Listening on port 3900...","timestamp":"2018-07-25T19:11:52.261Z"}
{"level":"info","message":"Connected to mongodb://localhost/vidly...","timestamp":"2018-07-25T19:11:52.282Z"}
{"level":"info","message":"Listening on port 3900...","timestamp":"2018-07-25T19:16:03.043Z"}
{"level":"info","message":"Connected to mongodb://localhost/vidly...","timestamp":"2018-07-25T19:16:03.069Z"}
{"level":"info","message":"Listening on port 3900...","timestamp":"2018-07-25T19:16:06.519Z"}
{"level":"info","message":"Connected to mongodb://localhost/vidly...","timestamp":"2018-07-25T19:16:06.545Z"}
{"level":"info","message":"Listening on port 3900...","timestamp":"2018-07-25T19:21:13.994Z"}
{"level":"info","message":"Connected to mongodb://localhost/vidly...","timestamp":"2018-07-25T19:21:14.014Z"}
{"message":"Cast to ObjectId failed for value \"5b58c8fca5ebf3212ead2f2x\" at path \"_id\" for model \"Movies\"","stack":"CastError: Cast to ObjectId failed for value \"5b58c8fca5ebf3212ead2f2x\" at path \"_id\" for model \"Movies\"\n    at new CastError (/Users/moshfeghhamedani/Dropbox/Courses/React/Demo/vidly-api-node/node_modules/mongoose/lib/error/cast.js:27:11)\n    at ObjectId.cast (/Users/moshfeghhamedani/Dropbox/Courses/React/Demo/vidly-api-node/node_modules/mongoose/lib/schema/objectid.js:158:13)\n    at ObjectId.SchemaType.applySetters (/Users/moshfeghhamedani/Dropbox/Courses/React/Demo/vidly-api-node/node_modules/mongoose/lib/schematype.js:701:12)\n    at ObjectId.SchemaType._castForQuery (/Users/moshfeghhamedani/Dropbox/Courses/React/Demo/vidly-api-node/node_modules/mongoose/lib/schematype.js:1072:15)\n    at ObjectId.castForQuery (/Users/moshfeghhamedani/Dropbox/Courses/React/Demo/vidly-api-node/node_modules/mongoose/lib/schema/objectid.js:198:15)\n    at ObjectId.SchemaType.castForQueryWrapper (/Users/moshfeghhamedani/Dropbox/Courses/React/Demo/vidly-api-node/node_modules/mongoose/lib/schematype.js:1041:15)\n    at cast (/Users/moshfeghhamedani/Dropbox/Courses/React/Demo/vidly-api-node/node_modules/mongoose/lib/cast.js:269:32)\n    at model.Query.Query.cast (/Users/moshfeghhamedani/Dropbox/Courses/React/Demo/vidly-api-node/node_modules/mongoose/lib/query.js:3133:12)\n    at model.Query.Query._castConditions (/Users/moshfeghhamedani/Dropbox/Courses/React/Demo/vidly-api-node/node_modules/mongoose/lib/query.js:1269:10)\n    at model.Query.Query._findOne (/Users/moshfeghhamedani/Dropbox/Courses/React/Demo/vidly-api-node/node_modules/mongoose/lib/query.js:1485:8)\n    at /Users/moshfeghhamedani/Dropbox/Courses/React/Demo/vidly-api-node/node_modules/kareem/index.js:276:8\n    at /Users/moshfeghhamedani/Dropbox/Courses/React/Demo/vidly-api-node/node_modules/kareem/index.js:23:7\n    at _combinedTickCallback (internal/process/next_tick.js:131:7)\n    at process._tickCallback (internal/process/next_tick.js:180:9)","name":"CastError","stringValue":"\"5b58c8fca5ebf3212ead2f2x\"","kind":"ObjectId","value":"5b58c8fca5ebf3212ead2f2x","path":"_id","level":"error","timestamp":"2018-07-26T17:59:40.162Z"}
{"message":"Cast to ObjectId failed for value \"5b58c8fca5ebf3212ead2f2x\" at path \"_id\" for model \"Movies\"","stack":"CastError: Cast to ObjectId failed for value \"5b58c8fca5ebf3212ead2f2x\" at path \"_id\" for model \"Movies\"\n    at new CastError (/Users/moshfeghhamedani/Dropbox/Courses/React/Demo/vidly-api-node/node_modules/mongoose/lib/error/cast.js:27:11)\n    at ObjectId.cast (/Users/moshfeghhamedani/Dropbox/Courses/React/Demo/vidly-api-node/node_modules/mongoose/lib/schema/objectid.js:158:13)\n    at ObjectId.SchemaType.applySetters (/Users/moshfeghhamedani/Dropbox/Courses/React/Demo/vidly-api-node/node_modules/mongoose/lib/schematype.js:701:12)\n    at ObjectId.SchemaType._castForQuery (/Users/moshfeghhamedani/Dropbox/Courses/React/Demo/vidly-api-node/node_modules/mongoose/lib/schematype.js:1072:15)\n    at ObjectId.castForQuery (/Users/moshfeghhamedani/Dropbox/Courses/React/Demo/vidly-api-node/node_modules/mongoose/lib/schema/objectid.js:198:15)\n    at ObjectId.SchemaType.castForQueryWrapper (/Users/moshfeghhamedani/Dropbox/Courses/React/Demo/vidly-api-node/node_modules/mongoose/lib/schematype.js:1041:15)\n    at cast (/Users/moshfeghhamedani/Dropbox/Courses/React/Demo/vidly-api-node/node_modules/mongoose/lib/cast.js:269:32)\n    at model.Query.Query.cast (/Users/moshfeghhamedani/Dropbox/Courses/React/Demo/vidly-api-node/node_modules/mongoose/lib/query.js:3133:12)\n    at model.Query.Query._castConditions (/Users/moshfeghhamedani/Dropbox/Courses/React/Demo/vidly-api-node/node_modules/mongoose/lib/query.js:1269:10)\n    at model.Query.Query._findOne (/Users/moshfeghhamedani/Dropbox/Courses/React/Demo/vidly-api-node/node_modules/mongoose/lib/query.js:1485:8)\n    at /Users/moshfeghhamedani/Dropbox/Courses/React/Demo/vidly-api-node/node_modules/kareem/index.js:276:8\n    at /Users/moshfeghhamedani/Dropbox/Courses/React/Demo/vidly-api-node/node_modules/kareem/index.js:23:7\n    at _combinedTickCallback (internal/process/next_tick.js:131:7)\n    at process._tickCallback (internal/process/next_tick.js:180:9)","name":"CastError","stringValue":"\"5b58c8fca5ebf3212ead2f2x\"","kind":"ObjectId","value":"5b58c8fca5ebf3212ead2f2x","path":"_id","level":"error","timestamp":"2018-07-26T18:01:43.512Z"}
{"message":"Cast to ObjectId failed for value \"5b58c8fca5ebf3212ead2f2x\" at path \"_id\" for model \"Movies\"","stack":"CastError: Cast to ObjectId failed for value \"5b58c8fca5ebf3212ead2f2x\" at path \"_id\" for model \"Movies\"\n    at new CastError (/Users/moshfeghhamedani/Dropbox/Courses/React/Demo/vidly-api-node/node_modules/mongoose/lib/error/cast.js:27:11)\n    at ObjectId.cast (/Users/moshfeghhamedani/Dropbox/Courses/React/Demo/vidly-api-node/node_modules/mongoose/lib/schema/objectid.js:158:13)\n    at ObjectId.SchemaType.applySetters (/Users/moshfeghhamedani/Dropbox/Courses/React/Demo/vidly-api-node/node_modules/mongoose/lib/schematype.js:701:12)\n    at ObjectId.SchemaType._castForQuery (/Users/moshfeghhamedani/Dropbox/Courses/React/Demo/vidly-api-node/node_modules/mongoose/lib/schematype.js:1072:15)\n    at ObjectId.castForQuery (/Users/moshfeghhamedani/Dropbox/Courses/React/Demo/vidly-api-node/node_modules/mongoose/lib/schema/objectid.js:198:15)\n    at ObjectId.SchemaType.castForQueryWrapper (/Users/moshfeghhamedani/Dropbox/Courses/React/Demo/vidly-api-node/node_modules/mongoose/lib/schematype.js:1041:15)\n    at cast (/Users/moshfeghhamedani/Dropbox/Courses/React/Demo/vidly-api-node/node_modules/mongoose/lib/cast.js:269:32)\n    at model.Query.Query.cast (/Users/moshfeghhamedani/Dropbox/Courses/React/Demo/vidly-api-node/node_modules/mongoose/lib/query.js:3133:12)\n    at model.Query.Query._castConditions (/Users/moshfeghhamedani/Dropbox/Courses/React/Demo/vidly-api-node/node_modules/mongoose/lib/query.js:1269:10)\n    at model.Query.Query._findOne (/Users/moshfeghhamedani/Dropbox/Courses/React/Demo/vidly-api-node/node_modules/mongoose/lib/query.js:1485:8)\n    at /Users/moshfeghhamedani/Dropbox/Courses/React/Demo/vidly-api-node/node_modules/kareem/index.js:276:8\n    at /Users/moshfeghhamedani/Dropbox/Courses/React/Demo/vidly-api-node/node_modules/kareem/index.js:23:7\n    at _combinedTickCallback (internal/process/next_tick.js:131:7)\n    at process._tickCallback (internal/process/next_tick.js:180:9)","name":"CastError","stringValue":"\"5b58c8fca5ebf3212ead2f2x\"","kind":"ObjectId","value":"5b58c8fca5ebf3212ead2f2x","path":"_id","level":"error","timestamp":"2018-07-26T18:01:58.144Z"}
{"message":"Cast to ObjectId failed for value \"5b58c8fca5ebf3212ead2f2x\" at path \"_id\" for model \"Movies\"","stack":"CastError: Cast to ObjectId failed for value \"5b58c8fca5ebf3212ead2f2x\" at path \"_id\" for model \"Movies\"\n    at new CastError (/Users/moshfeghhamedani/Dropbox/Courses/React/Demo/vidly-api-node/node_modules/mongoose/lib/error/cast.js:27:11)\n    at ObjectId.cast (/Users/moshfeghhamedani/Dropbox/Courses/React/Demo/vidly-api-node/node_modules/mongoose/lib/schema/objectid.js:158:13)\n    at ObjectId.SchemaType.applySetters (/Users/moshfeghhamedani/Dropbox/Courses/React/Demo/vidly-api-node/node_modules/mongoose/lib/schematype.js:701:12)\n    at ObjectId.SchemaType._castForQuery (/Users/moshfeghhamedani/Dropbox/Courses/React/Demo/vidly-api-node/node_modules/mongoose/lib/schematype.js:1072:15)\n    at ObjectId.castForQuery (/Users/moshfeghhamedani/Dropbox/Courses/React/Demo/vidly-api-node/node_modules/mongoose/lib/schema/objectid.js:198:15)\n    at ObjectId.SchemaType.castForQueryWrapper (/Users/moshfeghhamedani/Dropbox/Courses/React/Demo/vidly-api-node/node_modules/mongoose/lib/schematype.js:1041:15)\n    at cast (/Users/moshfeghhamedani/Dropbox/Courses/React/Demo/vidly-api-node/node_modules/mongoose/lib/cast.js:269:32)\n    at model.Query.Query.cast (/Users/moshfeghhamedani/Dropbox/Courses/React/Demo/vidly-api-node/node_modules/mongoose/lib/query.js:3133:12)\n    at model.Query.Query._castConditions (/Users/moshfeghhamedani/Dropbox/Courses/React/Demo/vidly-api-node/node_modules/mongoose/lib/query.js:1269:10)\n    at model.Query.Query._findOne (/Users/moshfeghhamedani/Dropbox/Courses/React/Demo/vidly-api-node/node_modules/mongoose/lib/query.js:1485:8)\n    at /Users/moshfeghhamedani/Dropbox/Courses/React/Demo/vidly-api-node/node_modules/kareem/index.js:276:8\n    at /Users/moshfeghhamedani/Dropbox/Courses/React/Demo/vidly-api-node/node_modules/kareem/index.js:23:7\n    at _combinedTickCallback (internal/process/next_tick.js:131:7)\n    at process._tickCallback (internal/process/next_tick.js:180:9)","name":"CastError","stringValue":"\"5b58c8fca5ebf3212ead2f2x\"","kind":"ObjectId","value":"5b58c8fca5ebf3212ead2f2x","path":"_id","level":"error","timestamp":"2018-07-26T18:02:20.602Z"}
{"message":"Cast to ObjectId failed for value \"5b58c8fca5ebf3212ead2f2x\" at path \"_id\" for model \"Movies\"","stack":"CastError: Cast to ObjectId failed for value \"5b58c8fca5ebf3212ead2f2x\" at path \"_id\" for model \"Movies\"\n    at new CastError (/Users/moshfeghhamedani/Dropbox/Courses/React/Demo/vidly-api-node/node_modules/mongoose/lib/error/cast.js:27:11)\n    at ObjectId.cast (/Users/moshfeghhamedani/Dropbox/Courses/React/Demo/vidly-api-node/node_modules/mongoose/lib/schema/objectid.js:158:13)\n    at ObjectId.SchemaType.applySetters (/Users/moshfeghhamedani/Dropbox/Courses/React/Demo/vidly-api-node/node_modules/mongoose/lib/schematype.js:701:12)\n    at ObjectId.SchemaType._castForQuery (/Users/moshfeghhamedani/Dropbox/Courses/React/Demo/vidly-api-node/node_modules/mongoose/lib/schematype.js:1072:15)\n    at ObjectId.castForQuery (/Users/moshfeghhamedani/Dropbox/Courses/React/Demo/vidly-api-node/node_modules/mongoose/lib/schema/objectid.js:198:15)\n    at ObjectId.SchemaType.castForQueryWrapper (/Users/moshfeghhamedani/Dropbox/Courses/React/Demo/vidly-api-node/node_modules/mongoose/lib/schematype.js:1041:15)\n    at cast (/Users/moshfeghhamedani/Dropbox/Courses/React/Demo/vidly-api-node/node_modules/mongoose/lib/cast.js:269:32)\n    at model.Query.Query.cast (/Users/moshfeghhamedani/Dropbox/Courses/React/Demo/vidly-api-node/node_modules/mongoose/lib/query.js:3133:12)\n    at model.Query.Query._castConditions (/Users/moshfeghhamedani/Dropbox/Courses/React/Demo/vidly-api-node/node_modules/mongoose/lib/query.js:1269:10)\n    at model.Query.Query._findOne (/Users/moshfeghhamedani/Dropbox/Courses/React/Demo/vidly-api-node/node_modules/mongoose/lib/query.js:1485:8)\n    at /Users/moshfeghhamedani/Dropbox/Courses/React/Demo/vidly-api-node/node_modules/kareem/index.js:276:8\n    at /Users/moshfeghhamedani/Dropbox/Courses/React/Demo/vidly-api-node/node_modules/kareem/index.js:23:7\n    at _combinedTickCallback (internal/process/next_tick.js:131:7)\n    at process._tickCallback (internal/process/next_tick.js:180:9)","name":"CastError","stringValue":"\"5b58c8fca5ebf3212ead2f2x\"","kind":"ObjectId","value":"5b58c8fca5ebf3212ead2f2x","path":"_id","level":"error","timestamp":"2018-07-26T18:03:23.147Z"}
{"level":"info","message":"Listening on port 3900...","timestamp":"2018-07-26T18:07:38.002Z"}
{"level":"info","message":"Connected to mongodb://localhost/vidly...","timestamp":"2018-07-26T18:07:38.017Z"}
{"level":"info","message":"Listening on port 3900...","timestamp":"2018-08-01T17:05:48.069Z"}
{"level":"info","message":"Listening on port 3900...","timestamp":"2018-08-01T17:05:58.074Z"}
{"level":"info","message":"Connected to mongodb://localhost/vidly...","timestamp":"2018-08-01T17:05:58.095Z"}
{"level":"info","message":"Listening on port 3900...","timestamp":"2018-08-01T19:27:24.787Z"}
{"level":"info","message":"Connected to mongodb://localhost/vidly...","timestamp":"2018-08-01T19:27:24.807Z"}
{"message":"Unexpected token \n in JSON at position 55","stack":"SyntaxError: Unexpected token \n in JSON at position 55\n    at JSON.parse (<anonymous>)\n    at parse (/Users/moshfeghhamedani/Dropbox/Courses/React/Demo/vidly-api-node/node_modules/body-parser/lib/types/json.js:89:19)\n    at /Users/moshfeghhamedani/Dropbox/Courses/React/Demo/vidly-api-node/node_modules/body-parser/lib/read.js:121:18\n    at invokeCallback (/Users/moshfeghhamedani/Dropbox/Courses/React/Demo/vidly-api-node/node_modules/raw-body/index.js:224:16)\n    at done (/Users/moshfeghhamedani/Dropbox/Courses/React/Demo/vidly-api-node/node_modules/raw-body/index.js:213:7)\n    at IncomingMessage.onEnd (/Users/moshfeghhamedani/Dropbox/Courses/React/Demo/vidly-api-node/node_modules/raw-body/index.js:273:7)\n    at emitNone (events.js:106:13)\n    at IncomingMessage.emit (events.js:208:7)\n    at endReadableNT (_stream_readable.js:1056:12)\n    at _combinedTickCallback (internal/process/next_tick.js:138:11)\n    at process._tickCallback (internal/process/next_tick.js:180:9)","expose":true,"statusCode":400,"status":400,"body":"{\n\t\"email\": \"user10@domain.com\",\n\t\"password\": \"123456, \n\t\"name\": \"Mosh\"\n}","type":"entity.parse.failed","level":"error","timestamp":"2018-08-01T19:28:03.863Z"}
{"level":"info","message":"Listening on port 3900...","timestamp":"2018-08-01T19:32:10.154Z"}
{"level":"info","message":"Connected to mongodb://localhost/vidly...","timestamp":"2018-08-01T19:32:10.174Z"}
{"level":"info","message":"Listening on port 3900...","timestamp":"2018-08-01T19:32:41.208Z"}
{"level":"info","message":"Connected to mongodb://localhost/vidly...","timestamp":"2018-08-01T19:32:41.227Z"}
{"level":"info","message":"Listening on port 3900...","timestamp":"2018-08-01T19:48:20.908Z"}
{"level":"info","message":"Connected to mongodb://localhost/vidly...","timestamp":"2018-08-01T19:48:20.929Z"}
{"level":"info","message":"Listening on port 3900...","timestamp":"2018-08-02T17:16:40.672Z"}
{"level":"info","message":"Connected to mongodb://localhost/vidly...","timestamp":"2018-08-02T17:16:40.691Z"}
{"level":"info","message":"Listening on port 3900...","timestamp":"2018-08-02T17:27:08.179Z"}
{"level":"info","message":"Connected to mongodb://localhost/vidly...","timestamp":"2018-08-02T17:27:08.199Z"}
{"level":"info","message":"Listening on port 3900...","timestamp":"2018-08-02T17:29:37.614Z"}
{"level":"info","message":"Connected to mongodb://localhost/vidly...","timestamp":"2018-08-02T17:29:37.639Z"}
{"level":"info","message":"Listening on port 3900...","timestamp":"2018-08-02T17:44:13.347Z"}
{"level":"info","message":"Connected to mongodb://localhost/vidly...","timestamp":"2018-08-02T17:44:13.367Z"}
{"level":"info","message":"Listening on port 3900...","timestamp":"2018-08-08T16:40:58.626Z"}
{"level":"info","message":"Listening on port 3900...","timestamp":"2018-08-08T16:41:09.898Z"}
{"level":"info","message":"Connected to mongodb://localhost/vidly...","timestamp":"2018-08-08T16:41:09.919Z"}
{"level":"info","message":"Listening on port 3900...","timestamp":"2019-07-11T10:41:00.227Z"}
{"level":"info","message":"Connected to mongodb://localhost/vidly...","timestamp":"2019-07-11T10:41:00.259Z"}
{"level":"info","message":"Listening on port 3900...","timestamp":"2019-07-11T10:41:23.828Z"}
{"level":"info","message":"Connected to mongodb://localhost/vidly...","timestamp":"2019-07-11T10:41:23.862Z"}
{"level":"info","message":"Listening on port 3900...","timestamp":"2019-07-11T10:43:15.976Z"}
{"level":"info","message":"Connected to mongodb://localhost/vidly...","timestamp":"2019-07-11T10:43:16.009Z"}
{"level":"info","message":"Listening on port 3900...","timestamp":"2019-07-11T10:44:20.495Z"}
{"level":"info","message":"Connected to mongodb://localhost/vidly...","timestamp":"2019-07-11T10:44:20.526Z"}
{"level":"info","message":"Listening on port 3900...","timestamp":"2019-07-11T10:44:29.077Z"}
{"level":"info","message":"Connected to mongodb://localhost/lingkaran...","timestamp":"2019-07-11T10:44:29.110Z"}
{"level":"info","message":"Listening on port 3900...","timestamp":"2019-07-13T07:20:56.310Z"}
{"level":"info","message":"Connected to mongodb://localhost/lingkaran...","timestamp":"2019-07-13T07:20:56.348Z"}
{"level":"info","message":"Listening on port 3900...","timestamp":"2019-07-13T07:43:41.423Z"}
{"level":"info","message":"Connected to mongodb://localhost/lingkaran...","timestamp":"2019-07-13T07:43:41.455Z"}
{"level":"info","message":"Listening on port 3900...","timestamp":"2019-07-15T07:39:54.368Z"}
{"level":"info","message":"Connected to mongodb://localhost/lingkaran...","timestamp":"2019-07-15T07:39:54.396Z"}
{"level":"info","message":"Listening on port 3900...","timestamp":"2019-07-17T11:19:25.781Z"}
{"level":"info","message":"Connected to mongodb://localhost/lingkaran...","timestamp":"2019-07-17T11:19:25.806Z"}
{"level":"info","message":"Listening on port 3900...","timestamp":"2019-07-20T03:14:45.212Z"}
{"level":"info","message":"Connected to mongodb://localhost/lingkaran...","timestamp":"2019-07-20T03:14:45.237Z"}
{"level":"info","message":"Listening on port 3900...","timestamp":"2019-07-20T04:02:15.942Z"}
{"level":"info","message":"Connected to mongodb://localhost/lingkaran...","timestamp":"2019-07-20T04:02:15.980Z"}
{"level":"info","message":"Listening on port 3900...","timestamp":"2019-07-20T05:03:53.476Z"}
{"level":"info","message":"Connected to mongodb://localhost/lingkaran...","timestamp":"2019-07-20T05:03:53.513Z"}
{"level":"info","message":"Listening on port 3900...","timestamp":"2019-07-20T05:51:25.365Z"}
{"level":"info","message":"Listening on port 3900...","timestamp":"2019-07-20T06:45:11.247Z"}
{"level":"info","message":"Listening on port 3900...","timestamp":"2019-07-20T06:46:41.916Z"}
{"level":"info","message":"Connected to mongodb://localhost/lingkartangan...","timestamp":"2019-07-20T06:46:41.949Z"}
{"level":"info","message":"Listening on port 3900...","timestamp":"2019-07-20T07:03:06.309Z"}
{"level":"info","message":"Connected to mongodb+srv://lingkartangan:magnum2706@lingkartangan-ppvsn.mongodb.net/test?retryWrites=true&w=majority...","timestamp":"2019-07-20T07:03:08.098Z"}
{"level":"info","message":"Listening on port 3900...","timestamp":"2019-07-20T07:08:20.714Z"}
{"level":"info","message":"Connected to mongodb+srv://lingkartangan:magnum2706@lingkartangan-ppvsn.mongodb.net/test?retryWrites=true&w=majority...","timestamp":"2019-07-20T07:08:22.486Z"}
{"level":"info","message":"Listening on port 3900...","timestamp":"2019-07-20T07:09:53.348Z"}
{"level":"info","message":"Connected to mongodb+srv://lingkartangan:magnum2706@lingkartangan-ppvsn.mongodb.net/test?retryWrites=true&w=majority...","timestamp":"2019-07-20T07:09:59.267Z"}
{"level":"info","message":"Listening on port 3900...","timestamp":"2019-07-21T12:39:42.061Z"}
{"level":"info","message":"Connected to mongodb://localhost/lingkaran...","timestamp":"2019-07-21T12:39:42.100Z"}
{"level":"info","message":"Listening on port 5000...","timestamp":"2019-07-21T13:23:47.282Z"}
{"level":"info","message":"Connected to mongodb://localhost/lingkaran...","timestamp":"2019-07-21T13:23:47.314Z"}
{"level":"info","message":"Listening on port 5000...","timestamp":"2019-07-22T08:14:41.261Z"}
{"level":"info","message":"Connected to mongodb://localhost/lingkaran...","timestamp":"2019-07-22T08:14:41.284Z"}
<<<<<<< HEAD
{"level":"info","message":"Listening on port 5000...","timestamp":"2019-07-22T08:50:30.389Z"}
{"level":"info","message":"Listening on port 5000...","timestamp":"2019-07-22T08:56:22.845Z"}
{"level":"info","message":"Listening on port 5000...","timestamp":"2019-07-22T09:18:38.512Z"}
=======
{"level":"info","message":"Listening on port 5000...","timestamp":"2019-07-22T08:54:24.901Z"}
{"level":"info","message":"Listening on port 5000...","timestamp":"2019-07-22T09:00:39.001Z"}
<<<<<<< HEAD
>>>>>>> 603bea372e1da70358c03512774f24423a28c23d
{"level":"info","message":"Listening on port 27017...","timestamp":"2019-07-22T09:24:34.287Z"}
{"level":"info","message":"Listening on port 3000...","timestamp":"2019-07-22T09:36:28.097Z"}
{"level":"info","message":"Connected to mongodb://localhost/lingkaran...","timestamp":"2019-07-22T09:36:28.133Z"}
{"level":"info","message":"Listening on port 3000...","timestamp":"2019-07-22T12:26:50.013Z"}
{"level":"info","message":"Connected to mongodb://localhost/lingkaran...","timestamp":"2019-07-22T12:26:50.043Z"}
=======
{"level":"info","message":"Listening on port 3900...","timestamp":"2019-07-22T12:08:13.660Z"}
{"level":"info","message":"Connected to mongodb://localhost/lingkaran...","timestamp":"2019-07-22T12:08:13.695Z"}
{"level":"info","message":"Listening on port 3900...","timestamp":"2019-07-22T12:08:40.487Z"}
{"level":"info","message":"Listening on port 3900...","timestamp":"2019-07-22T12:09:09.948Z"}
{"level":"info","message":"Listening on port 3900...","timestamp":"2019-07-22T12:09:28.382Z"}
{"level":"info","message":"Listening on port 3900...","timestamp":"2019-07-22T12:09:47.501Z"}
{"level":"info","message":"Connected to mongodb://localhost/lingkaran...","timestamp":"2019-07-22T12:09:47.537Z"}
{"level":"info","message":"Listening on port 3900...","timestamp":"2019-07-22T12:10:10.772Z"}
{"level":"info","message":"Listening on port 3900...","timestamp":"2019-07-22T12:11:09.014Z"}
{"level":"info","message":"Listening on port 3000...","timestamp":"2019-07-22T12:32:57.913Z"}
{"level":"info","message":"Connected to mongodb://localhost/lingkaran...","timestamp":"2019-07-22T12:32:57.947Z"}
<<<<<<< HEAD
>>>>>>> 2780d4478ed0c191adb7cabd9a57c2d2e25de843
{"level":"info","message":"Listening on port 3000...","timestamp":"2019-07-22T12:35:36.643Z"}
{"level":"info","message":"Connected to mongodb://localhost/lingkaran...","timestamp":"2019-07-22T12:35:36.673Z"}
=======
{"level":"info","message":"Listening on port 3000...","timestamp":"2019-07-22T12:39:53.314Z"}
{"level":"info","message":"Connected to mongodb://localhost/lingkaran...","timestamp":"2019-07-22T12:39:53.348Z"}
{"level":"info","message":"Listening on port 3000...","timestamp":"2019-07-22T12:40:07.868Z"}
{"level":"info","message":"Connected to mongodb://localhost/lingkaran...","timestamp":"2019-07-22T12:40:07.903Z"}
<<<<<<< HEAD
{"level":"info","message":"Listening on port 3000...","timestamp":"2019-07-22T13:05:46.940Z"}
{"level":"info","message":"Connected to mongodb://localhost/lingkaran...","timestamp":"2019-07-22T13:05:46.972Z"}
=======
>>>>>>> 3291ff436953058a73e67e9572bedb5a5a9df511
{"level":"info","message":"Listening on port 3000...","timestamp":"2019-07-22T12:47:59.813Z"}
{"level":"info","message":"Connected to mongodb://localhost/lingkaran...","timestamp":"2019-07-22T12:47:59.846Z"}
>>>>>>> 2f0924bac8c102102f6d84f412181405cf48304b
<<<<<<< HEAD
{"level":"info","message":"Listening on port 3000...","timestamp":"2019-07-22T13:13:18.544Z"}
{"level":"info","message":"Connected to mongodb://localhost/lingkaran...","timestamp":"2019-07-22T13:13:18.579Z"}
{"level":"info","message":"Listening on port 3000...","timestamp":"2019-07-24T07:48:48.133Z"}
{"level":"info","message":"Connected to mongodb://localhost/lingkaran...","timestamp":"2019-07-24T07:48:48.165Z"}
{"level":"info","message":"Listening on port 3000...","timestamp":"2019-07-24T07:57:52.956Z"}
{"level":"info","message":"Connected to mongodb://localhost/lingkaran...","timestamp":"2019-07-24T07:57:52.986Z"}
{"level":"info","message":"Listening on port 3000...","timestamp":"2019-07-24T08:03:31.016Z"}
{"level":"info","message":"Connected to mongodb://localhost/lingkaran...","timestamp":"2019-07-24T08:03:31.053Z"}
=======
{"level":"info","message":"Listening on port 3000...","timestamp":"2019-07-22T13:12:56.132Z"}
{"level":"info","message":"Connected to mongodb://localhost/lingkaran...","timestamp":"2019-07-22T13:12:56.167Z"}
{"level":"info","message":"Listening on port 3001...","timestamp":"2019-07-22T13:20:26.291Z"}
{"level":"info","message":"Connected to mongodb://localhost/lingkaran...","timestamp":"2019-07-22T13:20:26.325Z"}
{"level":"info","message":"Listening on port 3001...","timestamp":"2019-07-22T13:20:39.142Z"}
{"level":"info","message":"Connected to mongodb://localhost/lingkaran...","timestamp":"2019-07-22T13:20:39.176Z"}
{"level":"info","message":"Listening on port 3001...","timestamp":"2019-07-24T09:36:20.256Z"}
{"level":"info","message":"Connected to mongodb://localhost/lingkaran...","timestamp":"2019-07-24T09:36:20.279Z"}
<<<<<<< HEAD
{"level":"info","message":"Listening on port 3001...","timestamp":"2019-07-24T09:45:19.691Z"}
{"level":"info","message":"Connected to mongodb://localhost/lingkaran...","timestamp":"2019-07-24T09:45:19.721Z"}
=======
>>>>>>> be067c95c64b8fa0ae5d03099202e5e8e9772e97
>>>>>>> 00087a7d5ae47c2be93f84fa7566e1c25cf9e61f
